# JRE version: OpenJDK Runtime Environment (21.0.6) (build 21.0.6+-13368085-b895.109)
# Java VM: OpenJDK 64-Bit Server VM (21.0.6+-13368085-b895.109, mixed mode, tiered, compressed oops, compressed class ptrs, g1 gc, windows-amd64)
GC Precious Log:
 CardTable entry size: 512
 Card Set container configuration: InlinePtr #cards 5 size 8 Array Of Cards #cards 12 size 40 Howl #buckets 4 coarsen threshold 1843 Howl Bitmap #cards 512 size 80 coarsen threshold 460 Card regions per heap region 1 cards per card region 2048
 CPUs: 8 total, 8 available
 Memory: 8066M
 Large Page Support: Disabled
 NUMA Support: Disabled
 Compressed Oops: Enabled (32-bit)
 Heap Region Size: 1M
 Heap Min Capacity: 8M
 Heap Initial Capacity: 128M
 Heap Max Capacity: 2G
 Pre-touch: Disabled
 Parallel Workers: 8
 Concurrent Workers: 2
 Concurrent Refinement Workers: 8
 Periodic GC: Disabled
Heap:
 garbage-first heap   total 117760K, used 101870K [0x0000000080000000, 0x0000000100000000)
  region size 1024K, 33 young (33792K), 6 survivors (6144K)
 Metaspace       used 59488K, committed 61056K, reserved 1114112K
  class space    used 7985K, committed 8768K, reserved 1048576K
GC Heap History (20 events):
Event: 1.913 GC heap before
{Heap before GC invocations=3 (full 0):
 garbage-first heap   total 131072K, used 39562K [0x0000000080000000, 0x0000000100000000)
  region size 1024K, 29 young (29696K), 5 survivors (5120K)
 Metaspace       used 21216K, committed 21504K, reserved 1114112K
  class space    used 2431K, committed 2560K, reserved 1048576K
}
Event: 1.918 GC heap after
{Heap after GC invocations=4 (full 0):
 garbage-first heap   total 131072K, used 20363K [0x0000000080000000, 0x0000000100000000)
  region size 1024K, 9 young (9216K), 9 survivors (9216K)
 Metaspace       used 21216K, committed 21504K, reserved 1114112K
  class space    used 2431K, committed 2560K, reserved 1048576K
}
Event: 2.550 GC heap before
{Heap before GC invocations=5 (full 0):
 garbage-first heap   total 71680K, used 70539K [0x0000000080000000, 0x0000000100000000)
  region size 1024K, 58 young (59392K), 9 survivors (9216K)
 Metaspace       used 29450K, committed 30016K, reserved 1114112K
  class space    used 3742K, committed 4032K, reserved 1048576K
}
Event: 2.557 GC heap after
{Heap after GC invocations=6 (full 0):
 garbage-first heap   total 83968K, used 23099K [0x0000000080000000, 0x0000000100000000)
  region size 1024K, 7 young (7168K), 7 survivors (7168K)
 Metaspace       used 29450K, committed 30016K, reserved 1114112K
  class space    used 3742K, committed 4032K, reserved 1048576K
}
Event: 3.099 GC heap before
{Heap before GC invocations=6 (full 0):
 garbage-first heap   total 83968K, used 76347K [0x0000000080000000, 0x0000000100000000)
  region size 1024K, 48 young (49152K), 7 survivors (7168K)
 Metaspace       used 34789K, committed 35648K, reserved 1114112K
  class space    used 4663K, committed 5056K, reserved 1048576K
}
Event: 3.105 GC heap after
{Heap after GC invocations=7 (full 0):
 garbage-first heap   total 108544K, used 39147K [0x0000000080000000, 0x0000000100000000)
  region size 1024K, 6 young (6144K), 6 survivors (6144K)
 Metaspace       used 34789K, committed 35648K, reserved 1114112K
  class space    used 4663K, committed 5056K, reserved 1048576K
}
Event: 3.158 GC heap before
{Heap before GC invocations=7 (full 0):
 garbage-first heap   total 108544K, used 43243K [0x0000000080000000, 0x0000000100000000)
  region size 1024K, 11 young (11264K), 6 survivors (6144K)
 Metaspace       used 35124K, committed 35968K, reserved 1114112K
  class space    used 4709K, committed 5120K, reserved 1048576K
}
Event: 3.177 GC heap after
{Heap after GC invocations=8 (full 0):
 garbage-first heap   total 108544K, used 42116K [0x0000000080000000, 0x0000000100000000)
  region size 1024K, 3 young (3072K), 3 survivors (3072K)
 Metaspace       used 35124K, committed 35968K, reserved 1114112K
  class space    used 4709K, committed 5120K, reserved 1048576K
}
Event: 3.669 GC heap before
{Heap before GC invocations=9 (full 0):
 garbage-first heap   total 108544K, used 81028K [0x0000000080000000, 0x0000000100000000)
  region size 1024K, 40 young (40960K), 3 survivors (3072K)
 Metaspace       used 39861K, committed 40896K, reserved 1114112K
  class space    used 5461K, committed 6016K, reserved 1048576K
}
Event: 3.672 GC heap after
{Heap after GC invocations=10 (full 0):
 garbage-first heap   total 108544K, used 44785K [0x0000000080000000, 0x0000000100000000)
  region size 1024K, 4 young (4096K), 4 survivors (4096K)
 Metaspace       used 39861K, committed 40896K, reserved 1114112K
  class space    used 5461K, committed 6016K, reserved 1048576K
}
Event: 4.165 GC heap before
{Heap before GC invocations=10 (full 0):
 garbage-first heap   total 108544K, used 83697K [0x0000000080000000, 0x0000000100000000)
  region size 1024K, 42 young (43008K), 4 survivors (4096K)
 Metaspace       used 47116K, committed 48384K, reserved 1114112K
  class space    used 6410K, committed 7040K, reserved 1048576K
}
Event: 4.169 GC heap after
{Heap after GC invocations=11 (full 0):
 garbage-first heap   total 108544K, used 48020K [0x0000000080000000, 0x0000000100000000)
  region size 1024K, 6 young (6144K), 6 survivors (6144K)
 Metaspace       used 47116K, committed 48384K, reserved 1114112K
  class space    used 6410K, committed 7040K, reserved 1048576K
}
Event: 4.514 GC heap before
{Heap before GC invocations=11 (full 0):
 garbage-first heap   total 108544K, used 91028K [0x0000000080000000, 0x0000000100000000)
  region size 1024K, 44 young (45056K), 6 survivors (6144K)
 Metaspace       used 50567K, committed 51840K, reserved 1114112K
  class space    used 6713K, committed 7360K, reserved 1048576K
}
Event: 4.520 GC heap after
{Heap after GC invocations=12 (full 0):
 garbage-first heap   total 108544K, used 51700K [0x0000000080000000, 0x0000000100000000)
  region size 1024K, 4 young (4096K), 4 survivors (4096K)
 Metaspace       used 50567K, committed 51840K, reserved 1114112K
  class space    used 6713K, committed 7360K, reserved 1048576K
}
Event: 5.011 GC heap before
{Heap before GC invocations=12 (full 0):
 garbage-first heap   total 108544K, used 89588K [0x0000000080000000, 0x0000000100000000)
  region size 1024K, 41 young (41984K), 4 survivors (4096K)
 Metaspace       used 55161K, committed 56576K, reserved 1114112K
  class space    used 7443K, committed 8128K, reserved 1048576K
}
Event: 5.016 GC heap after
{Heap after GC invocations=13 (full 0):
 garbage-first heap   total 108544K, used 53894K [0x0000000080000000, 0x0000000100000000)
  region size 1024K, 3 young (3072K), 3 survivors (3072K)
 Metaspace       used 55161K, committed 56576K, reserved 1114112K
  class space    used 7443K, committed 8128K, reserved 1048576K
}
Event: 5.194 GC heap before
{Heap before GC invocations=13 (full 0):
 garbage-first heap   total 108544K, used 65158K [0x0000000080000000, 0x0000000100000000)
  region size 1024K, 15 young (15360K), 3 survivors (3072K)
 Metaspace       used 56220K, committed 57664K, reserved 1114112K
  class space    used 7633K, committed 8320K, reserved 1048576K
}
Event: 5.198 GC heap after
{Heap after GC invocations=14 (full 0):
 garbage-first heap   total 108544K, used 55489K [0x0000000080000000, 0x0000000100000000)
  region size 1024K, 5 young (5120K), 5 survivors (5120K)
 Metaspace       used 56220K, committed 57664K, reserved 1114112K
  class space    used 7633K, committed 8320K, reserved 1048576K
}
Event: 5.751 GC heap before
{Heap before GC invocations=15 (full 0):
 garbage-first heap   total 108544K, used 106689K [0x0000000080000000, 0x0000000100000000)
  region size 1024K, 39 young (39936K), 5 survivors (5120K)
 Metaspace       used 58835K, committed 60416K, reserved 1114112K
  class space    used 7866K, committed 8640K, reserved 1048576K
}
Event: 5.756 GC heap after
{Heap after GC invocations=16 (full 0):
 garbage-first heap   total 117760K, used 75246K [0x0000000080000000, 0x0000000100000000)
  region size 1024K, 6 young (6144K), 6 survivors (6144K)
 Metaspace       used 58835K, committed 60416K, reserved 1114112K
  class space    used 7866K, committed 8640K, reserved 1048576K
}

