# JRE version: OpenJDK Runtime Environment (21.0.6) (build 21.0.6+-13368085-b895.109)
# Java VM: OpenJDK 64-Bit Server VM (21.0.6+-13368085-b895.109, mixed mode, tiered, compressed oops, compressed class ptrs, g1 gc, windows-amd64)
GC Precious Log:
 CardTable entry size: 512
 Card Set container configuration: InlinePtr #cards 5 size 8 Array Of Cards #cards 12 size 40 Howl #buckets 4 coarsen threshold 1843 Howl Bitmap #cards 512 size 80 coarsen threshold 460 Card regions per heap region 1 cards per card region 2048
 CPUs: 8 total, 8 available
 Memory: 8066M
 Large Page Support: Disabled
 NUMA Support: Disabled
 Compressed Oops: Enabled (32-bit)
 Heap Region Size: 1M
 Heap Min Capacity: 8M
 Heap Initial Capacity: 128M
 Heap Max Capacity: 2G
 Pre-touch: Disabled
 Parallel Workers: 8
 Concurrent Workers: 2
 Concurrent Refinement Workers: 8
 Periodic GC: Disabled
Heap:
 garbage-first heap   total 94208K, used 60307K [0x0000000080000000, 0x0000000100000000)
  region size 1024K, 4 young (4096K), 4 survivors (4096K)
 Metaspace       used 56381K, committed 57920K, reserved 1114112K
  class space    used 7644K, committed 8384K, reserved 1048576K
GC Heap History (20 events):
Event: 1.482 GC heap after
{Heap after GC invocations=3 (full 0):
 garbage-first heap   total 131072K, used 17802K [0x0000000080000000, 0x0000000100000000)
  region size 1024K, 6 young (6144K), 6 survivors (6144K)
 Metaspace       used 13763K, committed 13952K, reserved 1114112K
  class space    used 1509K, committed 1600K, reserved 1048576K
}
Event: 2.359 GC heap before
{Heap before GC invocations=3 (full 0):
 garbage-first heap   total 131072K, used 40330K [0x0000000080000000, 0x0000000100000000)
  region size 1024K, 30 young (30720K), 6 survivors (6144K)
 Metaspace       used 21197K, committed 21504K, reserved 1114112K
  class space    used 2430K, committed 2560K, reserved 1048576K
}
Event: 2.373 GC heap after
{Heap after GC invocations=4 (full 0):
 garbage-first heap   total 131072K, used 21455K [0x0000000080000000, 0x0000000100000000)
  region size 1024K, 9 young (9216K), 9 survivors (9216K)
 Metaspace       used 21197K, committed 21504K, reserved 1114112K
  class space    used 2430K, committed 2560K, reserved 1048576K
}
Event: 3.454 GC heap before
{Heap before GC invocations=5 (full 0):
 garbage-first heap   total 75776K, used 74703K [0x0000000080000000, 0x0000000100000000)
  region size 1024K, 61 young (62464K), 9 survivors (9216K)
 Metaspace       used 29858K, committed 30464K, reserved 1114112K
  class space    used 3823K, committed 4096K, reserved 1048576K
}
Event: 3.462 GC heap after
{Heap after GC invocations=6 (full 0):
 garbage-first heap   total 88064K, used 24124K [0x0000000080000000, 0x0000000100000000)
  region size 1024K, 7 young (7168K), 7 survivors (7168K)
 Metaspace       used 29858K, committed 30464K, reserved 1114112K
  class space    used 3823K, committed 4096K, reserved 1048576K
}
Event: 4.302 GC heap before
{Heap before GC invocations=6 (full 0):
 garbage-first heap   total 88064K, used 77372K [0x0000000080000000, 0x0000000100000000)
  region size 1024K, 49 young (50176K), 7 survivors (7168K)
 Metaspace       used 35109K, committed 35968K, reserved 1114112K
  class space    used 4714K, committed 5120K, reserved 1048576K
}
Event: 4.310 GC heap after
{Heap after GC invocations=7 (full 0):
 garbage-first heap   total 93184K, used 41732K [0x0000000080000000, 0x0000000100000000)
  region size 1024K, 7 young (7168K), 7 survivors (7168K)
 Metaspace       used 35109K, committed 35968K, reserved 1114112K
  class space    used 4714K, committed 5120K, reserved 1048576K
}
Event: 4.395 GC heap before
{Heap before GC invocations=7 (full 0):
 garbage-first heap   total 93184K, used 46852K [0x0000000080000000, 0x0000000100000000)
  region size 1024K, 12 young (12288K), 7 survivors (7168K)
 Metaspace       used 35475K, committed 36288K, reserved 1114112K
  class space    used 4773K, committed 5184K, reserved 1048576K
}
Event: 4.412 GC heap after
{Heap after GC invocations=8 (full 0):
 garbage-first heap   total 93184K, used 44030K [0x0000000080000000, 0x0000000100000000)
  region size 1024K, 2 young (2048K), 2 survivors (2048K)
 Metaspace       used 35475K, committed 36288K, reserved 1114112K
  class space    used 4773K, committed 5184K, reserved 1048576K
}
Event: 4.881 GC heap before
{Heap before GC invocations=9 (full 0):
 garbage-first heap   total 93184K, used 78846K [0x0000000080000000, 0x0000000100000000)
  region size 1024K, 36 young (36864K), 2 survivors (2048K)
 Metaspace       used 40049K, committed 41088K, reserved 1114112K
  class space    used 5491K, committed 6016K, reserved 1048576K
}
Event: 4.883 GC heap after
{Heap after GC invocations=10 (full 0):
 garbage-first heap   total 93184K, used 45058K [0x0000000080000000, 0x0000000100000000)
  region size 1024K, 3 young (3072K), 3 survivors (3072K)
 Metaspace       used 40049K, committed 41088K, reserved 1114112K
  class space    used 5491K, committed 6016K, reserved 1048576K
}
Event: 5.357 GC heap before
{Heap before GC invocations=10 (full 0):
 garbage-first heap   total 93184K, used 79874K [0x0000000080000000, 0x0000000100000000)
  region size 1024K, 37 young (37888K), 3 survivors (3072K)
 Metaspace       used 46473K, committed 47808K, reserved 1114112K
  class space    used 6369K, committed 7040K, reserved 1048576K
}
Event: 5.362 GC heap after
{Heap after GC invocations=11 (full 0):
 garbage-first heap   total 93184K, used 47385K [0x0000000080000000, 0x0000000100000000)
  region size 1024K, 5 young (5120K), 5 survivors (5120K)
 Metaspace       used 46473K, committed 47808K, reserved 1114112K
  class space    used 6369K, committed 7040K, reserved 1048576K
}
Event: 5.611 GC heap before
{Heap before GC invocations=11 (full 0):
 garbage-first heap   total 93184K, used 80153K [0x0000000080000000, 0x0000000100000000)
  region size 1024K, 38 young (38912K), 5 survivors (5120K)
 Metaspace       used 49219K, committed 50496K, reserved 1114112K
  class space    used 6639K, committed 7296K, reserved 1048576K
}
Event: 5.642 GC heap after
{Heap after GC invocations=12 (full 0):
 garbage-first heap   total 93184K, used 51083K [0x0000000080000000, 0x0000000100000000)
  region size 1024K, 4 young (4096K), 4 survivors (4096K)
 Metaspace       used 49219K, committed 50496K, reserved 1114112K
  class space    used 6639K, committed 7296K, reserved 1048576K
}
Event: 6.090 GC heap before
{Heap before GC invocations=13 (full 0):
 garbage-first heap   total 93184K, used 86923K [0x0000000080000000, 0x0000000100000000)
  region size 1024K, 34 young (34816K), 4 survivors (4096K)
 Metaspace       used 53327K, committed 54784K, reserved 1114112K
  class space    used 7160K, committed 7872K, reserved 1048576K
}
Event: 6.094 GC heap after
{Heap after GC invocations=14 (full 0):
 garbage-first heap   total 94208K, used 52918K [0x0000000080000000, 0x0000000100000000)
  region size 1024K, 3 young (3072K), 3 survivors (3072K)
 Metaspace       used 53327K, committed 54784K, reserved 1114112K
  class space    used 7160K, committed 7872K, reserved 1048576K
}
Event: 6.540 GC heap before
{Heap before GC invocations=14 (full 0):
 garbage-first heap   total 94208K, used 84662K [0x0000000080000000, 0x0000000100000000)
  region size 1024K, 33 young (33792K), 3 survivors (3072K)
 Metaspace       used 56234K, committed 57728K, reserved 1114112K
  class space    used 7642K, committed 8384K, reserved 1048576K
}
Event: 6.553 GC heap after
{Heap after GC invocations=15 (full 0):
 garbage-first heap   total 94208K, used 57971K [0x0000000080000000, 0x0000000100000000)
  region size 1024K, 5 young (5120K), 5 survivors (5120K)
 Metaspace       used 56234K, committed 57728K, reserved 1114112K
  class space    used 7642K, committed 8384K, reserved 1048576K
}
Event: 6.672 GC heap before
{Heap before GC invocations=15 (full 0):
 garbage-first heap   total 94208K, used 65139K [0x0000000080000000, 0x0000000100000000)
  region size 1024K, 14 young (14336K), 5 survivors (5120K)
 Metaspace       used 56381K, committed 57920K, reserved 1114112K
  class space    used 7644K, committed 8384K, reserved 1048576K
}

